<?xml version="1.0" encoding="UTF-8"?>
<testng-results ignored="0" total="1" passed="1" failed="0" skipped="0">
  <reporter-output>
  </reporter-output>
  <suite started-at="2022-06-06T17:02:14 EDT" name="Default suite" finished-at="2022-06-06T17:02:26 EDT" duration-ms="11530">
    <groups>
    </groups>
    <test started-at="2022-06-06T17:02:14 EDT" name="Default test" finished-at="2022-06-06T17:02:26 EDT" duration-ms="11530">
      <class name="TestNg.Test1">
        <test-method is-config="true" signature="openbrowser()[pri:0, instance:TestNg.Test1@3b6ddd1d]" started-at="2022-06-06T17:02:14 EDT" name="openbrowser" finished-at="2022-06-06T17:02:21 EDT" duration-ms="7260" status="PASS">
          <reporter-output>
          </reporter-output>
        </test-method> <!-- openbrowser -->
        <test-method signature="openurl()[pri:0, instance:TestNg.Test1@3b6ddd1d]" started-at="2022-06-06T17:02:21 EDT" name="openurl" finished-at="2022-06-06T17:02:26 EDT" duration-ms="4220" status="PASS">
          <reporter-output>
          </reporter-output>
        </test-method> <!-- openurl -->
      </class> <!-- TestNg.Test1 -->
    </test> <!-- Default test -->
  </suite> <!-- Default suite -->
</testng-results>
